<?xml version="1.0" encoding="UTF-8"?>
<!-- Generated by org.testng.reporters.JUnitReportReporter -->
<testsuite skipped="0" hostname="WarlockOPain25" name="log4j2.Demo_Log" tests="1" failures="0" timestamp="2021-08-05T19:41:43 IST" time="17.171" errors="0">
  <testcase name="TC_01" time="17.171" classname="log4j2.Demo_Log"/>
  <system-out/>
</testsuite> <!-- log4j2.Demo_Log -->
