<?xml version="1.0" encoding="UTF-8"?>
<!-- Generated by org.testng.reporters.JUnitReportReporter -->
<testsuite skipped="0" hostname="RIRITMANU" name="com.scorpiontech.project.scripts.DemoFlip" tests="1" failures="0" timestamp="2021-05-10T00:39:27 IST" time="11.819" errors="0">
  <testcase name="TC_01" time="11.819" classname="com.scorpiontech.project.scripts.DemoFlip"/>
  <system-out/>
</testsuite> <!-- com.scorpiontech.project.scripts.DemoFlip -->
