<?xml version="1.0" encoding="UTF-8"?>
<!-- Generated by org.testng.reporters.JUnitReportReporter -->
<testsuite skipped="0" hostname="WarlockOPain25L" name="com.scorpiontech.project.scripts.TestInvalidLoginpage" tests="1" failures="0" timestamp="2021-01-25T12:50:02 IST" time="32.648" errors="0">
  <testcase name="test_InvalidLogin" time="32.648" classname="com.scorpiontech.project.scripts.TestInvalidLoginpage"/>
  <system-out>
Error Msg Is DisplayedUsername or Password is invalid. Please try again. Error Msg Is DisplayedUsername or Password is invalid. Please try again. Error Msg Is DisplayedUsername or Password is invalid. Please try again. Error Msg Is DisplayedUsername or Password is invalid. Please try again. Error Msg Is DisplayedUsername or Password is invalid. Please try again. Error Msg Is DisplayedUsername or Password is invalid. Please try again. Error Msg Is DisplayedUsername or Password is invalid. Please try again. Error Msg Is DisplayedUsername or Password is invalid. Please try again. Error Msg Is DisplayedUsername or Password is invalid. Please try again. Error Msg Is DisplayedUsername or Password is invalid. Please try again. Error Msg Is DisplayedUsername or Password is invalid. Please try again. Error Msg Is DisplayedUsername or Password is invalid. Please try again. Error Msg Is DisplayedUsername or Password is invalid. Please try again. Error Msg Is DisplayedUsername or Password is invalid. Please try again. Error Msg Is DisplayedUsername or Password is invalid. Please try again. Error Msg Is DisplayedUsername or Password is invalid. Please try again. Error Msg Is DisplayedUsername or Password is invalid. Please try again. Error Msg Is DisplayedUsername or Password is invalid. Please try again. Error Msg Is DisplayedUsername or Password is invalid. Please try again.  </system-out>
</testsuite> <!-- com.scorpiontech.project.scripts.TestInvalidLoginpage -->
