<?xml version="1.0" encoding="UTF-8"?>
<!-- Generated by org.testng.reporters.JUnitReportReporter -->
<testsuite skipped="0" hostname="WarlockOPain25" name="parameters.Demo_Parameters" tests="1" failures="0" timestamp="2021-08-05T20:42:13 IST" time="18.240" errors="0">
  <testcase name="TC_01" time="18.240" classname="parameters.Demo_Parameters"/>
  <system-out/>
</testsuite> <!-- parameters.Demo_Parameters -->
