<?xml version="1.0" encoding="UTF-8"?>
<!-- Generated by org.testng.reporters.JUnitReportReporter -->
<testsuite skipped="0" hostname="WarlockOPain25L" name="com.scorpiontech.project.scripts.TestValidLoginPage" tests="1" failures="0" timestamp="2021-01-25T12:49:00 IST" time="19.061" errors="0">
  <testcase name="validlogin_Test" time="19.061" classname="com.scorpiontech.project.scripts.TestValidLoginPage"/>
  <system-out/>
</testsuite> <!-- com.scorpiontech.project.scripts.TestValidLoginPage -->
