<?xml version="1.0" encoding="UTF-8"?>
<!-- Generated by org.testng.reporters.JUnitReportReporter -->
<testsuite skipped="0" hostname="WarlockOPain25L" name="com.scorpiontech.project.scripts.DemoA" tests="1" failures="0" timestamp="2020-11-17T14:51:46 IST" time="0.019" errors="0">
  <testcase name="launchChrome" time="0.019" classname="com.scorpiontech.project.scripts.DemoA"/>
  <system-out>
Test Executed Successfully  </system-out>
</testsuite> <!-- com.scorpiontech.project.scripts.DemoA -->
