<?xml version="1.0" encoding="UTF-8"?>
<!-- Generated by org.testng.reporters.JUnitReportReporter -->
<testsuite skipped="0" hostname="WarlockOPain25L" name="com.tyss.project.scripts.LoginPage" tests="1" failures="0" timestamp="2020-01-23T22:21:21 IST" time="35.491" errors="0">
  <testcase name="tc_01" time="35.491" classname="com.tyss.project.scripts.LoginPage"/>
  <system-out>
Mouse Hovering to Account link Clicking on SingIn Link Entering the Username Entering the Password Clicking on the login Button Taking ScreenShot of MyAccountPageSS Retriving the Welcome Name  </system-out>
</testsuite> <!-- com.tyss.project.scripts.LoginPage -->
