<?xml version="1.0" encoding="UTF-8"?>
<!-- Generated by org.testng.reporters.JUnitReportReporter -->
<testsuite skipped="0" hostname="WarlockOPain25L" name="com.scorpiontech.project.scripts.Demo" tests="1" failures="0" timestamp="2021-02-09T13:24:45 IST" time="10.808" errors="0">
  <testcase name="TC_01" time="10.808" classname="com.scorpiontech.project.scripts.Demo"/>
  <system-out/>
</testsuite> <!-- com.scorpiontech.project.scripts.Demo -->
